# JRE version: OpenJDK Runtime Environment (21.0.3) (build 21.0.3+-12282718-b509.11)
# Java VM: OpenJDK 64-Bit Server VM (21.0.3+-12282718-b509.11, mixed mode, tiered, compressed oops, compressed class ptrs, g1 gc, windows-amd64)
GC Precious Log:
 CardTable entry size: 512
 Card Set container configuration: InlinePtr #cards 5 size 8 Array Of Cards #cards 12 size 40 Howl #buckets 4 coarsen threshold 1843 Howl Bitmap #cards 512 size 80 coarsen threshold 460 Card regions per heap region 1 cards per card region 2048
 CPUs: 16 total, 16 available
 Memory: 14188M
 Large Page Support: Disabled
 NUMA Support: Disabled
 Compressed Oops: Enabled (32-bit)
 Heap Region Size: 1M
 Heap Min Capacity: 8M
 Heap Initial Capacity: 222M
 Heap Max Capacity: 2G
 Pre-touch: Disabled
 Parallel Workers: 13
 Concurrent Workers: 3
 Concurrent Refinement Workers: 13
 Periodic GC: Disabled
Heap:
 garbage-first heap   total 150528K, used 110988K [0x0000000080000000, 0x0000000100000000)
  region size 1024K, 40 young (40960K), 9 survivors (9216K)
 Metaspace       used 65050K, committed 66624K, reserved 1114112K
  class space    used 8940K, committed 9728K, reserved 1048576K
GC Heap History (20 events):
Event: 356.217 GC heap before
{Heap before GC invocations=11 (full 0):
 garbage-first heap   total 88064K, used 74477K [0x0000000080000000, 0x0000000100000000)
  region size 1024K, 33 young (33792K), 4 survivors (4096K)
 Metaspace       used 46007K, committed 47360K, reserved 1114112K
  class space    used 6411K, committed 7104K, reserved 1048576K
}
Event: 356.220 GC heap after
{Heap after GC invocations=12 (full 0):
 garbage-first heap   total 88064K, used 47282K [0x0000000080000000, 0x0000000100000000)
  region size 1024K, 3 young (3072K), 3 survivors (3072K)
 Metaspace       used 46007K, committed 47360K, reserved 1114112K
  class space    used 6411K, committed 7104K, reserved 1048576K
}
Event: 356.382 GC heap before
{Heap before GC invocations=13 (full 0):
 garbage-first heap   total 88064K, used 75954K [0x0000000080000000, 0x0000000100000000)
  region size 1024K, 32 young (32768K), 3 survivors (3072K)
 Metaspace       used 48202K, committed 49472K, reserved 1114112K
  class space    used 6628K, committed 7232K, reserved 1048576K
}
Event: 356.385 GC heap after
{Heap after GC invocations=14 (full 0):
 garbage-first heap   total 88064K, used 49685K [0x0000000080000000, 0x0000000100000000)
  region size 1024K, 4 young (4096K), 4 survivors (4096K)
 Metaspace       used 48202K, committed 49472K, reserved 1114112K
  class space    used 6628K, committed 7232K, reserved 1048576K
}
Event: 356.716 GC heap before
{Heap before GC invocations=14 (full 0):
 garbage-first heap   total 88064K, used 77333K [0x0000000080000000, 0x0000000100000000)
  region size 1024K, 32 young (32768K), 4 survivors (4096K)
 Metaspace       used 51975K, committed 53376K, reserved 1114112K
  class space    used 7232K, committed 7936K, reserved 1048576K
}
Event: 356.722 GC heap after
{Heap after GC invocations=15 (full 0):
 garbage-first heap   total 106496K, used 50867K [0x0000000080000000, 0x0000000100000000)
  region size 1024K, 3 young (3072K), 3 survivors (3072K)
 Metaspace       used 51975K, committed 53376K, reserved 1114112K
  class space    used 7232K, committed 7936K, reserved 1048576K
}
Event: 357.195 GC heap before
{Heap before GC invocations=15 (full 0):
 garbage-first heap   total 106496K, used 88755K [0x0000000080000000, 0x0000000100000000)
  region size 1024K, 41 young (41984K), 3 survivors (3072K)
 Metaspace       used 58488K, committed 59840K, reserved 1114112K
  class space    used 7992K, committed 8640K, reserved 1048576K
}
Event: 357.197 GC heap after
{Heap after GC invocations=16 (full 0):
 garbage-first heap   total 106496K, used 55561K [0x0000000080000000, 0x0000000100000000)
  region size 1024K, 6 young (6144K), 6 survivors (6144K)
 Metaspace       used 58488K, committed 59840K, reserved 1114112K
  class space    used 7992K, committed 8640K, reserved 1048576K
}
Event: 357.625 GC heap before
{Heap before GC invocations=17 (full 0):
 garbage-first heap   total 106496K, used 98569K [0x0000000080000000, 0x0000000100000000)
  region size 1024K, 43 young (44032K), 6 survivors (6144K)
 Metaspace       used 61145K, committed 62656K, reserved 1114112K
  class space    used 8323K, committed 9088K, reserved 1048576K
}
Event: 357.629 GC heap after
{Heap after GC invocations=18 (full 0):
 garbage-first heap   total 108544K, used 57649K [0x0000000080000000, 0x0000000100000000)
  region size 1024K, 3 young (3072K), 3 survivors (3072K)
 Metaspace       used 61145K, committed 62656K, reserved 1114112K
  class space    used 8323K, committed 9088K, reserved 1048576K
}
Event: 357.860 GC heap before
{Heap before GC invocations=18 (full 0):
 garbage-first heap   total 108544K, used 97585K [0x0000000080000000, 0x0000000100000000)
  region size 1024K, 40 young (40960K), 3 survivors (3072K)
 Metaspace       used 63923K, committed 65536K, reserved 1114112K
  class space    used 8804K, committed 9600K, reserved 1048576K
}
Event: 357.862 GC heap after
{Heap after GC invocations=19 (full 0):
 garbage-first heap   total 108544K, used 61339K [0x0000000080000000, 0x0000000100000000)
  region size 1024K, 5 young (5120K), 5 survivors (5120K)
 Metaspace       used 63923K, committed 65536K, reserved 1114112K
  class space    used 8804K, committed 9600K, reserved 1048576K
}
Event: 357.929 GC heap before
{Heap before GC invocations=19 (full 0):
 garbage-first heap   total 108544K, used 96155K [0x0000000080000000, 0x0000000100000000)
  region size 1024K, 39 young (39936K), 5 survivors (5120K)
 Metaspace       used 64043K, committed 65664K, reserved 1114112K
  class space    used 8818K, committed 9600K, reserved 1048576K
}
Event: 357.933 GC heap after
{Heap after GC invocations=20 (full 0):
 garbage-first heap   total 108544K, used 62793K [0x0000000080000000, 0x0000000100000000)
  region size 1024K, 4 young (4096K), 4 survivors (4096K)
 Metaspace       used 64043K, committed 65664K, reserved 1114112K
  class space    used 8818K, committed 9600K, reserved 1048576K
}
Event: 358.011 GC heap before
{Heap before GC invocations=21 (full 0):
 garbage-first heap   total 121856K, used 96585K [0x0000000080000000, 0x0000000100000000)
  region size 1024K, 37 young (37888K), 4 survivors (4096K)
 Metaspace       used 64080K, committed 65664K, reserved 1114112K
  class space    used 8827K, committed 9600K, reserved 1048576K
}
Event: 358.013 GC heap after
{Heap after GC invocations=22 (full 0):
 garbage-first heap   total 121856K, used 64508K [0x0000000080000000, 0x0000000100000000)
  region size 1024K, 4 young (4096K), 4 survivors (4096K)
 Metaspace       used 64080K, committed 65664K, reserved 1114112K
  class space    used 8827K, committed 9600K, reserved 1048576K
}
Event: 358.096 GC heap before
{Heap before GC invocations=22 (full 0):
 garbage-first heap   total 121856K, used 109564K [0x0000000080000000, 0x0000000100000000)
  region size 1024K, 48 young (49152K), 4 survivors (4096K)
 Metaspace       used 64080K, committed 65664K, reserved 1114112K
  class space    used 8827K, committed 9600K, reserved 1048576K
}
Event: 358.098 GC heap after
{Heap after GC invocations=23 (full 0):
 garbage-first heap   total 146432K, used 66511K [0x0000000080000000, 0x0000000100000000)
  region size 1024K, 6 young (6144K), 6 survivors (6144K)
 Metaspace       used 64080K, committed 65664K, reserved 1114112K
  class space    used 8827K, committed 9600K, reserved 1048576K
}
Event: 358.418 GC heap before
{Heap before GC invocations=23 (full 0):
 garbage-first heap   total 146432K, used 129999K [0x0000000080000000, 0x0000000100000000)
  region size 1024K, 69 young (70656K), 6 survivors (6144K)
 Metaspace       used 64297K, committed 65792K, reserved 1114112K
  class space    used 8861K, committed 9600K, reserved 1048576K
}
Event: 358.426 GC heap after
{Heap after GC invocations=24 (full 0):
 garbage-first heap   total 150528K, used 77196K [0x0000000080000000, 0x0000000100000000)
  region size 1024K, 9 young (9216K), 9 survivors (9216K)
 Metaspace       used 64297K, committed 65792K, reserved 1114112K
  class space    used 8861K, committed 9600K, reserved 1048576K
}

